TN:
SF:routes\generateResultFromText.js
FN:13,generateResponse
FN:17,saveNewRecord
FN:23,updateExistingRecord
FN:29,handleStoredRecord
FN:42,fetchOrGenerateResult
FN:59,(anonymous_5)
FNF:6
FNH:6
FNDA:4,generateResponse
FNDA:2,saveNewRecord
FNDA:1,updateExistingRecord
FNDA:2,handleStoredRecord
FNDA:6,fetchOrGenerateResult
FNDA:6,(anonymous_5)
DA:1,1
DA:2,1
DA:4,1
DA:5,1
DA:7,1
DA:8,1
DA:9,1
DA:10,1
DA:11,1
DA:14,4
DA:18,2
DA:19,2
DA:20,2
DA:24,1
DA:25,1
DA:26,1
DA:30,2
DA:32,2
DA:33,1
DA:34,1
DA:35,1
DA:38,1
DA:39,1
DA:43,6
DA:45,5
DA:46,2
DA:47,2
DA:50,3
DA:51,1
DA:52,1
DA:55,2
DA:59,1
DA:60,6
DA:62,6
DA:63,6
DA:65,5
DA:66,1
DA:72,4
DA:74,1
DA:75,1
DA:79,1
LF:41
LH:41
BRDA:32,0,0,1
BRDA:32,0,1,1
BRDA:45,1,0,2
BRDA:45,1,1,3
BRDA:50,2,0,1
BRDA:50,2,1,2
BRDA:65,3,0,1
BRDA:65,3,1,4
BRF:8
BRH:8
end_of_record
TN:
SF:utils\fileConverter.js
FN:3,extractTextFromPDF
FN:12,(anonymous_1)
FN:21,convertFile
FNF:3
FNH:3
FNDA:2,extractTextFromPDF
FNDA:2,(anonymous_1)
FNDA:3,convertFile
DA:1,1
DA:4,2
DA:6,2
DA:7,1
DA:9,1
DA:10,2
DA:11,2
DA:12,2
DA:13,2
DA:16,1
DA:18,1
DA:22,3
DA:23,3
DA:24,1
DA:27,2
DA:28,1
DA:30,2
DA:34,1
LF:18
LH:18
BRDA:23,0,0,1
BRDA:23,0,1,2
BRDA:23,1,0,3
BRDA:23,1,1,2
BRF:4
BRH:4
end_of_record
TN:
SF:utils\generateResultFromText.js
FN:34,buildPrompt
FN:42,normalizeAnswers
FN:53,handleError
FN:59,generateResultFromText
FN:62,(anonymous_4)
FN:73,(anonymous_5)
FN:85,(anonymous_6)
FNF:7
FNH:7
FNDA:4,buildPrompt
FNDA:3,normalizeAnswers
FNDA:1,handleError
FNDA:4,generateResultFromText
FNDA:88,(anonymous_4)
FNDA:76,(anonymous_5)
FNDA:66,(anonymous_6)
DA:1,1
DA:2,1
DA:3,1
DA:5,1
DA:7,1
DA:32,1
DA:35,4
DA:43,3
DA:44,1
DA:45,18
DA:46,2
DA:47,1
DA:48,1
DA:50,3
DA:54,1
DA:55,1
DA:60,4
DA:61,4
DA:62,88
DA:63,4
DA:65,4
DA:66,4
DA:67,4
DA:68,4
DA:69,3
DA:71,3
DA:73,76
DA:75,3
DA:77,3
DA:78,66
DA:80,66
DA:81,31
DA:85,66
DA:90,3
DA:91,3
DA:93,1
DA:97,1
LF:37
LH:37
BRDA:43,0,0,1
BRDA:43,0,1,2
BRDA:46,1,0,1
BRDA:46,1,1,1
BRDA:80,2,0,35
BRDA:80,2,1,31
BRDA:87,3,0,35
BRDA:87,3,1,31
BRF:8
BRH:8
end_of_record
TN:
SF:utils\textTokenization.js
FN:3,splitTextByTokens
FN:13,(anonymous_1)
FNF:2
FNH:2
FNDA:6,splitTextByTokens
FNDA:1000014,(anonymous_1)
DA:1,1
DA:4,6
DA:5,2
DA:8,4
DA:9,4
DA:10,4
DA:11,4
DA:13,4
DA:14,1000014
DA:16,1000014
DA:17,19
DA:18,19
DA:20,19
DA:21,19
DA:23,999995
DA:24,999995
DA:28,4
DA:29,4
DA:32,4
DA:35,1
LF:20
LH:20
BRDA:4,0,0,2
BRDA:4,0,1,4
BRDA:16,1,0,19
BRDA:16,1,1,999995
BRDA:17,2,0,19
BRDA:17,2,1,0
BRDA:28,3,0,4
BRDA:28,3,1,0
BRF:8
BRH:6
end_of_record
